{"uuid":"0952c08d-b617-48a3-9d32-b0eb5a57df38","historyId":"9b8fbe13de16180886c5475f6776bf42","fullName":"src/test/resources/features/contactUs.feature:8","labels":[{"name":"tag","value":"ContactUs"},{"name":"host","value":"DESKTOP-10G6H1T"},{"name":"thread","value":"7912@DESKTOP-10G6H1T.main(1)"},{"name":"feature","value":"Contact Us"},{"name":"story","value":"Contact Us"},{"name":"suite","value":"Contact Us"},{"name":"testClass","value":"Contact Us"},{"name":"framework","value":"cucumber4jvm"},{"name":"language","value":"java"},{"name":"gherkin_uri","value":"file:///C:/Users/hp/java_workspace/EcommerceAutomation/src/test/resources/features/contactUs.feature"},{"name":"package","value":"src.test.resources.features.contactUs_feature.Contact Us"}],"links":[],"name":"Contact Us","status":"broken","statusDetails":{"known":false,"muted":false,"flaky":false,"message":"element click intercepted: Element <input type=\"submit\" data-qa=\"submit-button\" name=\"submit\" class=\"btn btn-primary pull-left submit_form\" value=\"Submit\"> is not clickable at point (237, 653). Other element would receive the click: <div id=\"aswift_1_host\" style=\"border: none !important; height: 90px !important; width: 100% !important; margin: 0px !important; padding: 0px !important; position: relative !important; visibility: visible !important; background-color: transparent !important; display: inline-block !important; inset: auto !important; clear: none !important; float: none !important; max-height: none !important; max-width: none !important; opacity: 1 !important; overflow: visible !important; vertical-align: baseline !important; z-index: auto !important;\">...</div>\n  (Session info: chrome=134.0.6998.89)\nBuild info: version: '4.29.0', revision: '5fc1ec94cb'\nSystem info: os.name: 'Windows 10', os.arch: 'amd64', os.version: '10.0', java.version: '21.0.6'\nDriver info: org.openqa.selenium.chrome.ChromeDriver\nCommand: [e9df656270d03da67a44e21621cc7ea1, clickElement {id=f.6383AD823AF70CFE9B2AB72ACB11B4B6.d.B646BDCDD7C60AFDF8628CEA35B6EA0F.e.57}]\nCapabilities {acceptInsecureCerts: false, browserName: chrome, browserVersion: 134.0.6998.89, chrome: {chromedriverVersion: 134.0.6998.90 (219ee74681fc..., userDataDir: C:\\Users\\hp\\AppData\\Local\\T...}, fedcm:accounts: true, goog:chromeOptions: {debuggerAddress: localhost:59441}, networkConnectionEnabled: false, pageLoadStrategy: normal, platformName: windows, proxy: Proxy(), se:cdp: ws://localhost:59441/devtoo..., se:cdpVersion: 134.0.6998.89, setWindowRect: true, strictFileInteractability: false, timeouts: {implicit: 0, pageLoad: 300000, script: 30000}, unhandledPromptBehavior: dismiss and notify, webauthn:extension:credBlob: true, webauthn:extension:largeBlob: true, webauthn:extension:minPinLength: true, webauthn:extension:prf: true, webauthn:virtualAuthenticators: true}\nElement: [[ChromeDriver: chrome on windows (e9df656270d03da67a44e21621cc7ea1)] -> xpath: //*[@id=\"contact-us-form\"]/div[6]/input]\nSession ID: e9df656270d03da67a44e21621cc7ea1","trace":"org.openqa.selenium.ElementClickInterceptedException: element click intercepted: Element <input type=\"submit\" data-qa=\"submit-button\" name=\"submit\" class=\"btn btn-primary pull-left submit_form\" value=\"Submit\"> is not clickable at point (237, 653). Other element would receive the click: <div id=\"aswift_1_host\" style=\"border: none !important; height: 90px !important; width: 100% !important; margin: 0px !important; padding: 0px !important; position: relative !important; visibility: visible !important; background-color: transparent !important; display: inline-block !important; inset: auto !important; clear: none !important; float: none !important; max-height: none !important; max-width: none !important; opacity: 1 !important; overflow: visible !important; vertical-align: baseline !important; z-index: auto !important;\">...</div>\n  (Session info: chrome=134.0.6998.89)\nBuild info: version: '4.29.0', revision: '5fc1ec94cb'\nSystem info: os.name: 'Windows 10', os.arch: 'amd64', os.version: '10.0', java.version: '21.0.6'\nDriver info: org.openqa.selenium.chrome.ChromeDriver\nCommand: [e9df656270d03da67a44e21621cc7ea1, clickElement {id=f.6383AD823AF70CFE9B2AB72ACB11B4B6.d.B646BDCDD7C60AFDF8628CEA35B6EA0F.e.57}]\nCapabilities {acceptInsecureCerts: false, browserName: chrome, browserVersion: 134.0.6998.89, chrome: {chromedriverVersion: 134.0.6998.90 (219ee74681fc..., userDataDir: C:\\Users\\hp\\AppData\\Local\\T...}, fedcm:accounts: true, goog:chromeOptions: {debuggerAddress: localhost:59441}, networkConnectionEnabled: false, pageLoadStrategy: normal, platformName: windows, proxy: Proxy(), se:cdp: ws://localhost:59441/devtoo..., se:cdpVersion: 134.0.6998.89, setWindowRect: true, strictFileInteractability: false, timeouts: {implicit: 0, pageLoad: 300000, script: 30000}, unhandledPromptBehavior: dismiss and notify, webauthn:extension:credBlob: true, webauthn:extension:largeBlob: true, webauthn:extension:minPinLength: true, webauthn:extension:prf: true, webauthn:virtualAuthenticators: true}\nElement: [[ChromeDriver: chrome on windows (e9df656270d03da67a44e21621cc7ea1)] -> xpath: //*[@id=\"contact-us-form\"]/div[6]/input]\nSession ID: e9df656270d03da67a44e21621cc7ea1\r\n\tat java.base/jdk.internal.reflect.DirectConstructorHandleAccessor.newInstance(DirectConstructorHandleAccessor.java:62)\r\n\tat java.base/java.lang.reflect.Constructor.newInstanceWithCaller(Constructor.java:502)\r\n\tat java.base/java.lang.reflect.Constructor.newInstance(Constructor.java:486)\r\n\tat org.openqa.selenium.remote.ErrorCodec.decode(ErrorCodec.java:167)\r\n\tat org.openqa.selenium.remote.codec.w3c.W3CHttpResponseCodec.decode(W3CHttpResponseCodec.java:138)\r\n\tat org.openqa.selenium.remote.codec.w3c.W3CHttpResponseCodec.decode(W3CHttpResponseCodec.java:50)\r\n\tat org.openqa.selenium.remote.HttpCommandExecutor.execute(HttpCommandExecutor.java:215)\r\n\tat org.openqa.selenium.remote.service.DriverCommandExecutor.invokeExecute(DriverCommandExecutor.java:216)\r\n\tat org.openqa.selenium.remote.service.DriverCommandExecutor.execute(DriverCommandExecutor.java:174)\r\n\tat org.openqa.selenium.remote.RemoteWebDriver.execute(RemoteWebDriver.java:545)\r\n\tat org.openqa.selenium.remote.RemoteWebElement.execute(RemoteWebElement.java:223)\r\n\tat org.openqa.selenium.remote.RemoteWebElement.click(RemoteWebElement.java:76)\r\n\tat com.ecommerce.pages.ContactUsPage.fill_details_in_form(ContactUsPage.java:36)\r\n\tat com.ecommerce.stepDefinitions.ContactUsSteps.enter_details(ContactUsSteps.java:58)\r\n\tat ✽.enter details(file:///C:/Users/hp/java_workspace/EcommerceAutomation/src/test/resources/features/contactUs.feature:11)\r\n"},"stage":"finished","steps":[{"name":"Given  the user navigates to home \"https://www.automationexercise.com/\"","status":"passed","statusDetails":{"known":false,"muted":false,"flaky":false},"stage":"finished","steps":[],"attachments":[],"parameters":[],"start":1742538060256,"stop":1742538076597},{"name":"Then  the home page should be visible successfully for contact_us","status":"passed","statusDetails":{"known":false,"muted":false,"flaky":false},"stage":"finished","steps":[],"attachments":[],"parameters":[],"start":1742538076610,"stop":1742538076924},{"name":"Given  the user clicks on \"Contact Us\" buttons","status":"passed","statusDetails":{"known":false,"muted":false,"flaky":false},"stage":"finished","steps":[],"attachments":[],"parameters":[],"start":1742538076924,"stop":1742538080601},{"name":"Then  Verify 'Get In Touch' is visible","status":"passed","statusDetails":{"known":false,"muted":false,"flaky":false},"stage":"finished","steps":[],"attachments":[],"parameters":[],"start":1742538080602,"stop":1742538085665},{"name":"And  enter details","status":"broken","statusDetails":{"known":false,"muted":false,"flaky":false,"message":"element click intercepted: Element <input type=\"submit\" data-qa=\"submit-button\" name=\"submit\" class=\"btn btn-primary pull-left submit_form\" value=\"Submit\"> is not clickable at point (237, 653). Other element would receive the click: <div id=\"aswift_1_host\" style=\"border: none !important; height: 90px !important; width: 100% !important; margin: 0px !important; padding: 0px !important; position: relative !important; visibility: visible !important; background-color: transparent !important; display: inline-block !important; inset: auto !important; clear: none !important; float: none !important; max-height: none !important; max-width: none !important; opacity: 1 !important; overflow: visible !important; vertical-align: baseline !important; z-index: auto !important;\">...</div>\n  (Session info: chrome=134.0.6998.89)\nBuild info: version: '4.29.0', revision: '5fc1ec94cb'\nSystem info: os.name: 'Windows 10', os.arch: 'amd64', os.version: '10.0', java.version: '21.0.6'\nDriver info: org.openqa.selenium.chrome.ChromeDriver\nCommand: [e9df656270d03da67a44e21621cc7ea1, clickElement {id=f.6383AD823AF70CFE9B2AB72ACB11B4B6.d.B646BDCDD7C60AFDF8628CEA35B6EA0F.e.57}]\nCapabilities {acceptInsecureCerts: false, browserName: chrome, browserVersion: 134.0.6998.89, chrome: {chromedriverVersion: 134.0.6998.90 (219ee74681fc..., userDataDir: C:\\Users\\hp\\AppData\\Local\\T...}, fedcm:accounts: true, goog:chromeOptions: {debuggerAddress: localhost:59441}, networkConnectionEnabled: false, pageLoadStrategy: normal, platformName: windows, proxy: Proxy(), se:cdp: ws://localhost:59441/devtoo..., se:cdpVersion: 134.0.6998.89, setWindowRect: true, strictFileInteractability: false, timeouts: {implicit: 0, pageLoad: 300000, script: 30000}, unhandledPromptBehavior: dismiss and notify, webauthn:extension:credBlob: true, webauthn:extension:largeBlob: true, webauthn:extension:minPinLength: true, webauthn:extension:prf: true, webauthn:virtualAuthenticators: true}\nElement: [[ChromeDriver: chrome on windows (e9df656270d03da67a44e21621cc7ea1)] -> xpath: //*[@id=\"contact-us-form\"]/div[6]/input]\nSession ID: e9df656270d03da67a44e21621cc7ea1","trace":"org.openqa.selenium.ElementClickInterceptedException: element click intercepted: Element <input type=\"submit\" data-qa=\"submit-button\" name=\"submit\" class=\"btn btn-primary pull-left submit_form\" value=\"Submit\"> is not clickable at point (237, 653). Other element would receive the click: <div id=\"aswift_1_host\" style=\"border: none !important; height: 90px !important; width: 100% !important; margin: 0px !important; padding: 0px !important; position: relative !important; visibility: visible !important; background-color: transparent !important; display: inline-block !important; inset: auto !important; clear: none !important; float: none !important; max-height: none !important; max-width: none !important; opacity: 1 !important; overflow: visible !important; vertical-align: baseline !important; z-index: auto !important;\">...</div>\n  (Session info: chrome=134.0.6998.89)\nBuild info: version: '4.29.0', revision: '5fc1ec94cb'\nSystem info: os.name: 'Windows 10', os.arch: 'amd64', os.version: '10.0', java.version: '21.0.6'\nDriver info: org.openqa.selenium.chrome.ChromeDriver\nCommand: [e9df656270d03da67a44e21621cc7ea1, clickElement {id=f.6383AD823AF70CFE9B2AB72ACB11B4B6.d.B646BDCDD7C60AFDF8628CEA35B6EA0F.e.57}]\nCapabilities {acceptInsecureCerts: false, browserName: chrome, browserVersion: 134.0.6998.89, chrome: {chromedriverVersion: 134.0.6998.90 (219ee74681fc..., userDataDir: C:\\Users\\hp\\AppData\\Local\\T...}, fedcm:accounts: true, goog:chromeOptions: {debuggerAddress: localhost:59441}, networkConnectionEnabled: false, pageLoadStrategy: normal, platformName: windows, proxy: Proxy(), se:cdp: ws://localhost:59441/devtoo..., se:cdpVersion: 134.0.6998.89, setWindowRect: true, strictFileInteractability: false, timeouts: {implicit: 0, pageLoad: 300000, script: 30000}, unhandledPromptBehavior: dismiss and notify, webauthn:extension:credBlob: true, webauthn:extension:largeBlob: true, webauthn:extension:minPinLength: true, webauthn:extension:prf: true, webauthn:virtualAuthenticators: true}\nElement: [[ChromeDriver: chrome on windows (e9df656270d03da67a44e21621cc7ea1)] -> xpath: //*[@id=\"contact-us-form\"]/div[6]/input]\nSession ID: e9df656270d03da67a44e21621cc7ea1\r\n\tat java.base/jdk.internal.reflect.DirectConstructorHandleAccessor.newInstance(DirectConstructorHandleAccessor.java:62)\r\n\tat java.base/java.lang.reflect.Constructor.newInstanceWithCaller(Constructor.java:502)\r\n\tat java.base/java.lang.reflect.Constructor.newInstance(Constructor.java:486)\r\n\tat org.openqa.selenium.remote.ErrorCodec.decode(ErrorCodec.java:167)\r\n\tat org.openqa.selenium.remote.codec.w3c.W3CHttpResponseCodec.decode(W3CHttpResponseCodec.java:138)\r\n\tat org.openqa.selenium.remote.codec.w3c.W3CHttpResponseCodec.decode(W3CHttpResponseCodec.java:50)\r\n\tat org.openqa.selenium.remote.HttpCommandExecutor.execute(HttpCommandExecutor.java:215)\r\n\tat org.openqa.selenium.remote.service.DriverCommandExecutor.invokeExecute(DriverCommandExecutor.java:216)\r\n\tat org.openqa.selenium.remote.service.DriverCommandExecutor.execute(DriverCommandExecutor.java:174)\r\n\tat org.openqa.selenium.remote.RemoteWebDriver.execute(RemoteWebDriver.java:545)\r\n\tat org.openqa.selenium.remote.RemoteWebElement.execute(RemoteWebElement.java:223)\r\n\tat org.openqa.selenium.remote.RemoteWebElement.click(RemoteWebElement.java:76)\r\n\tat com.ecommerce.pages.ContactUsPage.fill_details_in_form(ContactUsPage.java:36)\r\n\tat com.ecommerce.stepDefinitions.ContactUsSteps.enter_details(ContactUsSteps.java:58)\r\n\tat ✽.enter details(file:///C:/Users/hp/java_workspace/EcommerceAutomation/src/test/resources/features/contactUs.feature:11)\r\n"},"stage":"finished","steps":[],"attachments":[],"parameters":[],"start":1742538085666,"stop":1742538087934},{"name":"Then  click ok on alert box","status":"skipped","statusDetails":{"known":false,"muted":false,"flaky":false},"stage":"finished","steps":[],"attachments":[],"parameters":[],"start":1742538087940,"stop":1742538087941},{"name":"Then  verify success msgs 'Success! Your details have been submitted successfully.'","status":"skipped","statusDetails":{"known":false,"muted":false,"flaky":false},"stage":"finished","steps":[],"attachments":[],"parameters":[],"start":1742538087941,"stop":1742538087942},{"name":"Then  click on Home button and verify whether loaded or not","status":"skipped","statusDetails":{"known":false,"muted":false,"flaky":false},"stage":"finished","steps":[],"attachments":[],"parameters":[],"start":1742538087942,"stop":1742538087943}],"attachments":[],"parameters":[],"start":1742538060249,"stop":1742538087947}